<?xml version="1.0" encoding="UTF-8"?>
<!-- Generated by org.testng.reporters.JUnitReportReporter -->
<testsuite name="com.wallmonkey.test.Backbone" tests="1" time="16.812" ignored="0" failures="0" timestamp="13 Nov 2018 10:59:09 GMT" skipped="0" hostname="Chetuiwk595" errors="0">
  <testcase name="closetestcase" time="16.812" classname="com.wallmonkey.test.Backbone"/>
</testsuite> <!-- com.wallmonkey.test.Backbone -->
