<?xml version="1.0" encoding="UTF-8"?>
<!-- Generated by org.testng.reporters.JUnitReportReporter -->
<testsuite name="com.wallmonkey.test.Backbone_test" tests="1" time="177.673" ignored="0" failures="0" timestamp="14 Nov 2018 10:24:44 GMT" skipped="0" hostname="Chetuiwk595" errors="0">
  <testcase name="closetestcase1" time="177.673" classname="com.wallmonkey.test.Backbone_test"/>
</testsuite> <!-- com.wallmonkey.test.Backbone_test -->
