<?xml version="1.0" encoding="UTF-8"?>
<!-- Generated by org.testng.reporters.JUnitReportReporter -->
<testsuite name="com.wallmonkey.test.BaumgamesSignupCaptcha_Test" tests="1" time="23.868" ignored="0" failures="0" timestamp="15 Nov 2018 12:46:37 GMT" skipped="0" hostname="Chetuiwk595" errors="1">
  <testcase name="readcaptcha" time="23.868" classname="com.wallmonkey.test.BaumgamesSignupCaptcha_Test">
    <error type="org.openqa.selenium.WebDriverException" message="unknown error: Element &lt;input xmlns=&quot;http://www.w3.org/1999/xhtml&quot; type=&quot;button&quot; id=&quot;lnkJoin_Now&quot; value=&quot;ÎNREGISTRAȚI-VĂ ACUM&quot; data-toggle=&quot;modal&quot; data-target=&quot;#mdlRegister&quot; class=&quot;login-btn minWidth99 desktop_signup_yellow_bg&quot; style=&quot;display: inline-block;&quot; /&gt; is not clickable at point (1263, 20). Other element would receive the click: &lt;p xmlns=&quot;http://www.w3.org/1999/xhtml&quot;&gt;&lt;span&gt;&lt;img src=&quot;/Images/info-icon.png&quot; alt=&quot;Info&quot; /&gt;&lt;/span&gt;Folosim Cookie-uri pentru a îmbunătăți experiența dvs. pe site iar continuând accesarea site-ului vă dați acordul în utilizarea acestora. Pentru a schimba setările sau pentru mai multe detalii referitoare la cookie-uri,verificați &lt;a href=&quot;/Player/QuickLinks?page=tab23&quot;&gt; politica Cookie-urilor. &lt;/a&gt; &lt;/p&gt;
  (Session info: chrome=70.0.3538.102)
  (Driver info: chromedriver=2.43.600210 (68dcf5eebde37173d4027fa8635e332711d2874a),platform=Windows NT 6.1.7601 SP1 x86_64) (WARNING: The server did not provide any stacktrace information)
Command duration or timeout: 0 milliseconds
Build info: version: &#039;3.6.0&#039;, revision: &#039;6fbf3ec767&#039;, time: &#039;2017-09-27T15:28:36.4Z&#039;
System info: host: &#039;CHETUIWK595&#039;, ip: &#039;172.16.4.52&#039;, os.name: &#039;Windows 7&#039;, os.arch: &#039;amd64&#039;, os.version: &#039;6.1&#039;, java.version: &#039;1.8.0_74&#039;
Driver info: org.openqa.selenium.chrome.ChromeDriver
Capabilities [{mobileEmulationEnabled=false, hasTouchScreen=false, platform=XP, acceptSslCerts=false, goog:chromeOptions={debuggerAddress=localhost:57496}, acceptInsecureCerts=false, webStorageEnabled=true, browserName=chrome, takesScreenshot=true, javascriptEnabled=true, platformName=XP, setWindowRect=true, unexpectedAlertBehaviour=, applicationCacheEnabled=false, rotatable=false, networkConnectionEnabled=false, chrome={chromedriverVersion=2.43.600210 (68dcf5eebde37173d4027fa8635e332711d2874a), userDataDir=C:\Users\JOGEND~1\AppData\Local\Temp\scoped_dir12344_31739}, takesHeapSnapshot=true, unhandledPromptBehavior=, pageLoadStrategy=normal, databaseEnabled=false, handlesAlerts=true, version=70.0.3538.102, browserConnectionEnabled=false, nativeEvents=true, locationContextEnabled=true, cssSelectorsEnabled=true}]
Session ID: d34ff120cd5124d3296a415f17d14ac1">
      <![CDATA[org.openqa.selenium.WebDriverException: unknown error: Element <input xmlns="http://www.w3.org/1999/xhtml" type="button" id="lnkJoin_Now" value="ÎNREGISTRAȚI-VĂ ACUM" data-toggle="modal" data-target="#mdlRegister" class="login-btn minWidth99 desktop_signup_yellow_bg" style="display: inline-block;" /> is not clickable at point (1263, 20). Other element would receive the click: <p xmlns="http://www.w3.org/1999/xhtml"><span><img src="/Images/info-icon.png" alt="Info" /></span>Folosim Cookie-uri pentru a îmbunătăți experiența dvs. pe site iar continuând accesarea site-ului vă dați acordul în utilizarea acestora. Pentru a schimba setările sau pentru mai multe detalii referitoare la cookie-uri,verificați <a href="/Player/QuickLinks?page=tab23"> politica Cookie-urilor. </a> </p>
  (Session info: chrome=70.0.3538.102)
  (Driver info: chromedriver=2.43.600210 (68dcf5eebde37173d4027fa8635e332711d2874a),platform=Windows NT 6.1.7601 SP1 x86_64) (WARNING: The server did not provide any stacktrace information)
Command duration or timeout: 0 milliseconds
Build info: version: '3.6.0', revision: '6fbf3ec767', time: '2017-09-27T15:28:36.4Z'
System info: host: 'CHETUIWK595', ip: '172.16.4.52', os.name: 'Windows 7', os.arch: 'amd64', os.version: '6.1', java.version: '1.8.0_74'
Driver info: org.openqa.selenium.chrome.ChromeDriver
Capabilities [{mobileEmulationEnabled=false, hasTouchScreen=false, platform=XP, acceptSslCerts=false, goog:chromeOptions={debuggerAddress=localhost:57496}, acceptInsecureCerts=false, webStorageEnabled=true, browserName=chrome, takesScreenshot=true, javascriptEnabled=true, platformName=XP, setWindowRect=true, unexpectedAlertBehaviour=, applicationCacheEnabled=false, rotatable=false, networkConnectionEnabled=false, chrome={chromedriverVersion=2.43.600210 (68dcf5eebde37173d4027fa8635e332711d2874a), userDataDir=C:\Users\JOGEND~1\AppData\Local\Temp\scoped_dir12344_31739}, takesHeapSnapshot=true, unhandledPromptBehavior=, pageLoadStrategy=normal, databaseEnabled=false, handlesAlerts=true, version=70.0.3538.102, browserConnectionEnabled=false, nativeEvents=true, locationContextEnabled=true, cssSelectorsEnabled=true}]
Session ID: d34ff120cd5124d3296a415f17d14ac1
	at sun.reflect.NativeConstructorAccessorImpl.newInstance0(Native Method)
	at sun.reflect.NativeConstructorAccessorImpl.newInstance(Unknown Source)
	at sun.reflect.DelegatingConstructorAccessorImpl.newInstance(Unknown Source)
	at java.lang.reflect.Constructor.newInstance(Unknown Source)
	at org.openqa.selenium.remote.ErrorHandler.createThrowable(ErrorHandler.java:214)
	at org.openqa.selenium.remote.ErrorHandler.throwIfResponseFailed(ErrorHandler.java:166)
	at org.openqa.selenium.remote.http.JsonHttpResponseCodec.reconstructValue(JsonHttpResponseCodec.java:40)
	at org.openqa.selenium.remote.http.AbstractHttpResponseCodec.decode(AbstractHttpResponseCodec.java:82)
	at org.openqa.selenium.remote.http.AbstractHttpResponseCodec.decode(AbstractHttpResponseCodec.java:45)
	at org.openqa.selenium.remote.HttpCommandExecutor.execute(HttpCommandExecutor.java:164)
	at org.openqa.selenium.remote.service.DriverCommandExecutor.execute(DriverCommandExecutor.java:83)
	at org.openqa.selenium.remote.RemoteWebDriver.execute(RemoteWebDriver.java:586)
	at org.openqa.selenium.remote.RemoteWebElement.execute(RemoteWebElement.java:279)
	at org.openqa.selenium.remote.RemoteWebElement.click(RemoteWebElement.java:83)
	at sun.reflect.NativeMethodAccessorImpl.invoke0(Native Method)
	at sun.reflect.NativeMethodAccessorImpl.invoke(Unknown Source)
	at sun.reflect.DelegatingMethodAccessorImpl.invoke(Unknown Source)
	at java.lang.reflect.Method.invoke(Unknown Source)
	at org.openqa.selenium.support.pagefactory.internal.LocatingElementHandler.invoke(LocatingElementHandler.java:51)
	at com.sun.proxy.$Proxy10.click(Unknown Source)
	at com.wallmonkey.page.BaumgamesSignupCaptcha.signup(BaumgamesSignupCaptcha.java:33)
	at com.wallmonkey.test.BaumgamesSignupCaptcha_Test.readcaptcha(BaumgamesSignupCaptcha_Test.java:14)
	at sun.reflect.NativeMethodAccessorImpl.invoke0(Native Method)
	at sun.reflect.NativeMethodAccessorImpl.invoke(Unknown Source)
	at sun.reflect.DelegatingMethodAccessorImpl.invoke(Unknown Source)
	at java.lang.reflect.Method.invoke(Unknown Source)
	at org.testng.internal.MethodInvocationHelper.invokeMethod(MethodInvocationHelper.java:104)
	at org.testng.internal.Invoker.invokeMethod(Invoker.java:645)
	at org.testng.internal.Invoker.invokeTestMethod(Invoker.java:851)
	at org.testng.internal.Invoker.invokeTestMethods(Invoker.java:1177)
	at org.testng.internal.TestMethodWorker.invokeTestMethods(TestMethodWorker.java:129)
	at org.testng.internal.TestMethodWorker.run(TestMethodWorker.java:112)
	at org.testng.TestRunner.privateRun(TestRunner.java:756)
	at org.testng.TestRunner.run(TestRunner.java:610)
	at org.testng.SuiteRunner.runTest(SuiteRunner.java:387)
	at org.testng.SuiteRunner.access$000(SuiteRunner.java:39)
	at org.testng.SuiteRunner$SuiteWorker.run(SuiteRunner.java:421)
	at org.testng.internal.thread.ThreadUtil$2.call(ThreadUtil.java:64)
	at java.util.concurrent.FutureTask.run(Unknown Source)
	at java.util.concurrent.ThreadPoolExecutor.runWorker(Unknown Source)
	at java.util.concurrent.ThreadPoolExecutor$Worker.run(Unknown Source)
	at java.lang.Thread.run(Unknown Source)
]]>
    </error>
  </testcase> <!-- readcaptcha -->
</testsuite> <!-- com.wallmonkey.test.BaumgamesSignupCaptcha_Test -->
