<?xml version="1.0" encoding="UTF-8"?>
<!-- Generated by org.testng.reporters.JUnitReportReporter -->
<testsuite name="com.wallmonkey.test.Login_test" tests="1" time="31.039" ignored="0" failures="0" timestamp="21 Nov 2018 18:05:15 GMT" skipped="0" hostname="Chetuiwk595" errors="0">
  <testcase name="logintoappwithvalid" time="31.039" classname="com.wallmonkey.test.Login_test"/>
</testsuite> <!-- com.wallmonkey.test.Login_test -->
